<?xml version="1.0" encoding="UTF-8"?>
<coverage generated="1717803639746" clover="3.2.0">
  <project timestamp="1717803639746" name="All files">
    <metrics statements="125" coveredstatements="86" conditionals="72" coveredconditionals="47" methods="63" coveredmethods="38" elements="260" coveredelements="171" complexity="0" loc="125" ncloc="125" packages="5" files="19" classes="19"/>
    <package name="components">
      <metrics statements="23" coveredstatements="20" conditionals="6" coveredconditionals="4" methods="12" coveredmethods="10"/>
      <file name="Application.js" path="/Users/charleysmithschofield/Documents/lighthouse/projects/scheduler/src/components/Application.js">
        <metrics statements="5" coveredstatements="5" conditionals="0" coveredconditionals="0" methods="2" coveredmethods="2"/>
        <line num="22" count="2" type="stmt"/>
        <line num="24" count="2" type="stmt"/>
        <line num="26" count="2" type="stmt"/>
        <line num="28" count="2" type="stmt"/>
        <line num="41" count="2" type="stmt"/>
      </file>
      <file name="Button.js" path="/Users/charleysmithschofield/Documents/lighthouse/projects/scheduler/src/components/Button.js">
        <metrics statements="2" coveredstatements="2" conditionals="0" coveredconditionals="0" methods="1" coveredmethods="1"/>
        <line num="8" count="25" type="stmt"/>
        <line num="13" count="25" type="stmt"/>
      </file>
      <file name="DayList.js" path="/Users/charleysmithschofield/Documents/lighthouse/projects/scheduler/src/components/DayList.js">
        <metrics statements="3" coveredstatements="3" conditionals="0" coveredconditionals="0" methods="2" coveredmethods="2"/>
        <line num="6" count="2" type="stmt"/>
        <line num="7" count="2" type="stmt"/>
        <line num="18" count="2" type="stmt"/>
      </file>
      <file name="DayListItem.js" path="/Users/charleysmithschofield/Documents/lighthouse/projects/scheduler/src/components/DayListItem.js">
        <metrics statements="6" coveredstatements="4" conditionals="4" coveredconditionals="2" methods="3" coveredmethods="2"/>
        <line num="7" count="2" type="cond" truecount="1" falsecount="1"/>
        <line num="8" count="2" type="cond" truecount="1" falsecount="1"/>
        <line num="10" count="0" type="stmt"/>
        <line num="14" count="2" type="stmt"/>
        <line num="19" count="2" type="stmt"/>
        <line num="22" count="0" type="stmt"/>
      </file>
      <file name="InterviewerList.js" path="/Users/charleysmithschofield/Documents/lighthouse/projects/scheduler/src/components/InterviewerList.js">
        <metrics statements="5" coveredstatements="4" conditionals="0" coveredconditionals="0" methods="3" coveredmethods="2"/>
        <line num="9" count="12" type="stmt"/>
        <line num="10" count="12" type="stmt"/>
        <line num="17" count="0" type="stmt"/>
        <line num="22" count="12" type="stmt"/>
        <line num="30" count="3" type="stmt"/>
      </file>
      <file name="InterviewerListItem.js" path="/Users/charleysmithschofield/Documents/lighthouse/projects/scheduler/src/components/InterviewerListItem.js">
        <metrics statements="2" coveredstatements="2" conditionals="2" coveredconditionals="2" methods="1" coveredmethods="1"/>
        <line num="7" count="12" type="stmt"/>
        <line num="11" count="12" type="stmt"/>
      </file>
    </package>
    <package name="components.Appointment">
      <metrics statements="56" coveredstatements="36" conditionals="37" coveredconditionals="27" methods="23" coveredmethods="9"/>
      <file name="Confirm.js" path="/Users/charleysmithschofield/Documents/lighthouse/projects/scheduler/src/components/Appointment/Confirm.js">
        <metrics statements="1" coveredstatements="0" conditionals="0" coveredconditionals="0" methods="1" coveredmethods="0"/>
        <line num="7" count="0" type="stmt"/>
      </file>
      <file name="Empty.js" path="/Users/charleysmithschofield/Documents/lighthouse/projects/scheduler/src/components/Appointment/Empty.js">
        <metrics statements="1" coveredstatements="1" conditionals="0" coveredconditionals="0" methods="1" coveredmethods="1"/>
        <line num="5" count="4" type="stmt"/>
      </file>
      <file name="Error.js" path="/Users/charleysmithschofield/Documents/lighthouse/projects/scheduler/src/components/Appointment/Error.js">
        <metrics statements="1" coveredstatements="0" conditionals="0" coveredconditionals="0" methods="1" coveredmethods="0"/>
        <line num="5" count="0" type="stmt"/>
      </file>
      <file name="Form.js" path="/Users/charleysmithschofield/Documents/lighthouse/projects/scheduler/src/components/Appointment/Form.js">
        <metrics statements="22" coveredstatements="19" conditionals="10" coveredconditionals="9" methods="6" coveredmethods="5"/>
        <line num="7" count="12" type="cond" truecount="2" falsecount="0"/>
        <line num="8" count="12" type="cond" truecount="2" falsecount="0"/>
        <line num="9" count="12" type="stmt"/>
        <line num="12" count="1" type="stmt"/>
        <line num="13" count="1" type="stmt"/>
        <line num="14" count="1" type="stmt"/>
        <line num="18" count="1" type="stmt"/>
        <line num="19" count="1" type="stmt"/>
        <line num="23" count="4" type="cond" truecount="2" falsecount="0"/>
        <line num="24" count="2" type="stmt"/>
        <line num="25" count="2" type="stmt"/>
        <line num="28" count="2" type="cond" truecount="2" falsecount="0"/>
        <line num="29" count="1" type="stmt"/>
        <line num="30" count="1" type="stmt"/>
        <line num="33" count="1" type="cond" truecount="1" falsecount="1"/>
        <line num="34" count="0" type="stmt"/>
        <line num="35" count="0" type="stmt"/>
        <line num="38" count="1" type="stmt"/>
        <line num="39" count="1" type="stmt"/>
        <line num="42" count="12" type="stmt"/>
        <line num="45" count="0" type="stmt"/>
        <line num="53" count="2" type="stmt"/>
      </file>
      <file name="Header.js" path="/Users/charleysmithschofield/Documents/lighthouse/projects/scheduler/src/components/Appointment/Header.js">
        <metrics statements="1" coveredstatements="1" conditionals="0" coveredconditionals="0" methods="1" coveredmethods="1"/>
        <line num="5" count="5" type="stmt"/>
      </file>
      <file name="Show.js" path="/Users/charleysmithschofield/Documents/lighthouse/projects/scheduler/src/components/Appointment/Show.js">
        <metrics statements="1" coveredstatements="1" conditionals="2" coveredconditionals="2" methods="1" coveredmethods="1"/>
        <line num="5" count="1" type="stmt"/>
      </file>
      <file name="Status.js" path="/Users/charleysmithschofield/Documents/lighthouse/projects/scheduler/src/components/Appointment/Status.js">
        <metrics statements="1" coveredstatements="0" conditionals="0" coveredconditionals="0" methods="1" coveredmethods="0"/>
        <line num="5" count="0" type="stmt"/>
      </file>
      <file name="index.js" path="/Users/charleysmithschofield/Documents/lighthouse/projects/scheduler/src/components/Appointment/index.js">
        <metrics statements="28" coveredstatements="14" conditionals="25" coveredconditionals="16" methods="11" coveredmethods="1"/>
        <line num="17" count="2" type="stmt"/>
        <line num="18" count="2" type="stmt"/>
        <line num="19" count="2" type="stmt"/>
        <line num="20" count="2" type="stmt"/>
        <line num="21" count="2" type="stmt"/>
        <line num="22" count="2" type="stmt"/>
        <line num="23" count="2" type="stmt"/>
        <line num="24" count="2" type="stmt"/>
        <line num="25" count="2" type="stmt"/>
        <line num="28" count="5" type="stmt"/>
        <line num="32" count="5" type="stmt"/>
        <line num="33" count="0" type="stmt"/>
        <line num="36" count="5" type="stmt"/>
        <line num="37" count="0" type="stmt"/>
        <line num="41" count="0" type="stmt"/>
        <line num="46" count="0" type="stmt"/>
        <line num="48" count="0" type="stmt"/>
        <line num="50" count="0" type="stmt"/>
        <line num="51" count="0" type="stmt"/>
        <line num="55" count="0" type="stmt"/>
        <line num="56" count="0" type="stmt"/>
        <line num="58" count="0" type="stmt"/>
        <line num="59" count="0" type="stmt"/>
        <line num="62" count="5" type="cond" truecount="3" falsecount="0"/>
        <line num="64" count="5" type="stmt"/>
        <line num="72" count="0" type="stmt"/>
        <line num="74" count="0" type="stmt"/>
        <line num="75" count="0" type="stmt"/>
      </file>
    </package>
    <package name="helpers">
      <metrics statements="7" coveredstatements="7" conditionals="10" coveredconditionals="10" methods="7" coveredmethods="7"/>
      <file name="selectors.js" path="/Users/charleysmithschofield/Documents/lighthouse/projects/scheduler/src/helpers/selectors.js">
        <metrics statements="7" coveredstatements="7" conditionals="10" coveredconditionals="10" methods="7" coveredmethods="7"/>
        <line num="2" count="7" type="stmt"/>
        <line num="4" count="7" type="cond" truecount="4" falsecount="0"/>
        <line num="6" count="10" type="stmt"/>
        <line num="10" count="7" type="stmt"/>
        <line num="12" count="7" type="cond" truecount="4" falsecount="0"/>
        <line num="14" count="8" type="stmt"/>
        <line num="18" count="4" type="stmt"/>
      </file>
    </package>
    <package name="hooks">
      <metrics statements="24" coveredstatements="17" conditionals="9" coveredconditionals="4" methods="17" coveredmethods="11"/>
      <file name="useApplicationData.js" path="/Users/charleysmithschofield/Documents/lighthouse/projects/scheduler/src/hooks/useApplicationData.js">
        <metrics statements="11" coveredstatements="7" conditionals="0" coveredconditionals="0" methods="8" coveredmethods="3"/>
        <line num="14" count="2" type="stmt"/>
        <line num="21" count="2" type="stmt"/>
        <line num="23" count="2" type="stmt"/>
        <line num="24" count="1" type="stmt"/>
        <line num="30" count="1" type="stmt"/>
        <line num="39" count="2" type="stmt"/>
        <line num="42" count="0" type="stmt"/>
        <line num="43" count="0" type="stmt"/>
        <line num="52" count="0" type="stmt"/>
        <line num="53" count="0" type="stmt"/>
        <line num="62" count="2" type="stmt"/>
      </file>
      <file name="useRealtimeUpdate.js" path="/Users/charleysmithschofield/Documents/lighthouse/projects/scheduler/src/hooks/useRealtimeUpdate.js">
        <metrics statements="8" coveredstatements="5" conditionals="4" coveredconditionals="0" methods="4" coveredmethods="3"/>
        <line num="5" count="2" type="stmt"/>
        <line num="6" count="1" type="stmt"/>
        <line num="8" count="1" type="stmt"/>
        <line num="9" count="0" type="stmt"/>
        <line num="11" count="0" type="cond" truecount="0" falsecount="4"/>
        <line num="12" count="0" type="stmt"/>
        <line num="16" count="1" type="stmt"/>
        <line num="17" count="1" type="stmt"/>
      </file>
      <file name="useVisualMode.js" path="/Users/charleysmithschofield/Documents/lighthouse/projects/scheduler/src/hooks/useVisualMode.js">
        <metrics statements="5" coveredstatements="5" conditionals="5" coveredconditionals="4" methods="5" coveredmethods="5"/>
        <line num="7" count="14" type="stmt"/>
        <line num="13" count="3" type="cond" truecount="1" falsecount="1"/>
        <line num="19" count="3" type="cond" truecount="2" falsecount="0"/>
        <line num="21" count="2" type="stmt"/>
        <line num="26" count="14" type="stmt"/>
      </file>
    </package>
    <package name="reducers">
      <metrics statements="15" coveredstatements="6" conditionals="10" coveredconditionals="2" methods="4" coveredmethods="1"/>
      <file name="application.js" path="/Users/charleysmithschofield/Documents/lighthouse/projects/scheduler/src/reducers/application.js">
        <metrics statements="15" coveredstatements="6" conditionals="10" coveredconditionals="2" methods="4" coveredmethods="1"/>
        <line num="1" count="2" type="stmt"/>
        <line num="2" count="2" type="stmt"/>
        <line num="3" count="2" type="stmt"/>
        <line num="6" count="2" type="cond" truecount="2" falsecount="2"/>
        <line num="8" count="0" type="stmt"/>
        <line num="10" count="1" type="stmt"/>
        <line num="17" count="0" type="stmt"/>
        <line num="22" count="0" type="stmt"/>
        <line num="27" count="0" type="stmt"/>
        <line num="28" count="0" type="stmt"/>
        <line num="30" count="0" type="cond" truecount="0" falsecount="2"/>
        <line num="34" count="0" type="stmt"/>
        <line num="35" count="0" type="cond" truecount="0" falsecount="2"/>
        <line num="43" count="0" type="stmt"/>
        <line num="50" count="1" type="stmt"/>
      </file>
    </package>
  </project>
</coverage>
