{"/Users/charleysmithschofield/Documents/lighthouse/projects/scheduler/src/components/Application.js": {"path":"/Users/charleysmithschofield/Documents/lighthouse/projects/scheduler/src/components/Application.js","statementMap":{"0":{"start":{"line":22,"column":6},"end":{"line":22,"column":26}},"1":{"start":{"line":24,"column":23},"end":{"line":24,"column":62}},"2":{"start":{"line":26,"column":23},"end":{"line":39,"column":3}},"3":{"start":{"line":28,"column":6},"end":{"line":37,"column":8}},"4":{"start":{"line":41,"column":2},"end":{"line":64,"column":4}}},"fnMap":{"0":{"name":"Application","decl":{"start":{"line":16,"column":24},"end":{"line":16,"column":35}},"loc":{"start":{"line":16,"column":43},"end":{"line":65,"column":1}},"line":16},"1":{"name":"(anonymous_1)","decl":{"start":{"line":27,"column":4},"end":{"line":27,"column":5}},"loc":{"start":{"line":27,"column":19},"end":{"line":38,"column":5}},"line":27}},"branchMap":{},"s":{"0":6,"1":6,"2":6,"3":8,"4":6},"f":{"0":6,"1":8},"b":{},"_coverageSchema":"43e27e138ebf9cfc5966b082cf9a028302ed4184","hash":"a757a25b4f5323cd3d26ebdc048a9f875bbc5b2e"}
,"/Users/charleysmithschofield/Documents/lighthouse/projects/scheduler/src/components/Button.js": {"path":"/Users/charleysmithschofield/Documents/lighthouse/projects/scheduler/src/components/Button.js","statementMap":{"0":{"start":{"line":8,"column":22},"end":{"line":11,"column":4}},"1":{"start":{"line":13,"column":2},"end":{"line":21,"column":4}}},"fnMap":{"0":{"name":"Button","decl":{"start":{"line":7,"column":24},"end":{"line":7,"column":30}},"loc":{"start":{"line":7,"column":38},"end":{"line":22,"column":1}},"line":7}},"branchMap":{},"s":{"0":31,"1":31},"f":{"0":31},"b":{},"_coverageSchema":"43e27e138ebf9cfc5966b082cf9a028302ed4184","hash":"2f0938b867a37f0326feb376b95dbac3ca98046b"}
,"/Users/charleysmithschofield/Documents/lighthouse/projects/scheduler/src/components/DayList.js": {"path":"/Users/charleysmithschofield/Documents/lighthouse/projects/scheduler/src/components/DayList.js","statementMap":{"0":{"start":{"line":6,"column":15},"end":{"line":16,"column":4}},"1":{"start":{"line":7,"column":4},"end":{"line":15,"column":6}},"2":{"start":{"line":18,"column":2},"end":{"line":18,"column":25}}},"fnMap":{"0":{"name":"DayList","decl":{"start":{"line":5,"column":24},"end":{"line":5,"column":31}},"loc":{"start":{"line":5,"column":39},"end":{"line":19,"column":1}},"line":5},"1":{"name":"(anonymous_1)","decl":{"start":{"line":6,"column":30},"end":{"line":6,"column":31}},"loc":{"start":{"line":6,"column":37},"end":{"line":16,"column":3}},"line":6}},"branchMap":{},"s":{"0":6,"1":8,"2":6},"f":{"0":6,"1":8},"b":{},"_coverageSchema":"43e27e138ebf9cfc5966b082cf9a028302ed4184","hash":"299b4505f3d6b82f5883ec3365deea1dc1f62750"}
,"/Users/charleysmithschofield/Documents/lighthouse/projects/scheduler/src/components/DayListItem.js": {"path":"/Users/charleysmithschofield/Documents/lighthouse/projects/scheduler/src/components/DayListItem.js","statementMap":{"0":{"start":{"line":7,"column":2},"end":{"line":7,"column":48}},"1":{"start":{"line":7,"column":20},"end":{"line":7,"column":48}},"2":{"start":{"line":8,"column":2},"end":{"line":8,"column":46}},"3":{"start":{"line":8,"column":20},"end":{"line":8,"column":46}},"4":{"start":{"line":10,"column":2},"end":{"line":10,"column":37}},"5":{"start":{"line":14,"column":19},"end":{"line":17,"column":4}},"6":{"start":{"line":19,"column":2},"end":{"line":28,"column":4}},"7":{"start":{"line":22,"column":21},"end":{"line":22,"column":45}}},"fnMap":{"0":{"name":"formatSpots","decl":{"start":{"line":6,"column":16},"end":{"line":6,"column":27}},"loc":{"start":{"line":6,"column":36},"end":{"line":11,"column":1}},"line":6},"1":{"name":"DayListItem","decl":{"start":{"line":13,"column":24},"end":{"line":13,"column":35}},"loc":{"start":{"line":13,"column":43},"end":{"line":29,"column":1}},"line":13},"2":{"name":"(anonymous_2)","decl":{"start":{"line":22,"column":15},"end":{"line":22,"column":16}},"loc":{"start":{"line":22,"column":21},"end":{"line":22,"column":45}},"line":22}},"branchMap":{"0":{"loc":{"start":{"line":7,"column":2},"end":{"line":7,"column":48}},"type":"if","locations":[{"start":{"line":7,"column":2},"end":{"line":7,"column":48}},{"start":{"line":7,"column":2},"end":{"line":7,"column":48}}],"line":7},"1":{"loc":{"start":{"line":8,"column":2},"end":{"line":8,"column":46}},"type":"if","locations":[{"start":{"line":8,"column":2},"end":{"line":8,"column":46}},{"start":{"line":8,"column":2},"end":{"line":8,"column":46}}],"line":8}},"s":{"0":8,"1":1,"2":7,"3":7,"4":0,"5":8,"6":8,"7":1},"f":{"0":8,"1":8,"2":1},"b":{"0":[1,7],"1":[7,0]},"_coverageSchema":"43e27e138ebf9cfc5966b082cf9a028302ed4184","hash":"35db23d3c4f4fd0b05ecdd0e808d0f284740b996"}
,"/Users/charleysmithschofield/Documents/lighthouse/projects/scheduler/src/components/InterviewerList.js": {"path":"/Users/charleysmithschofield/Documents/lighthouse/projects/scheduler/src/components/InterviewerList.js","statementMap":{"0":{"start":{"line":9,"column":23},"end":{"line":20,"column":4}},"1":{"start":{"line":10,"column":4},"end":{"line":19,"column":6}},"2":{"start":{"line":17,"column":33},"end":{"line":17,"column":63}},"3":{"start":{"line":22,"column":2},"end":{"line":27,"column":4}},"4":{"start":{"line":30,"column":0},"end":{"line":34,"column":2}}},"fnMap":{"0":{"name":"InterviewerList","decl":{"start":{"line":8,"column":9},"end":{"line":8,"column":24}},"loc":{"start":{"line":8,"column":32},"end":{"line":28,"column":1}},"line":8},"1":{"name":"(anonymous_1)","decl":{"start":{"line":9,"column":46},"end":{"line":9,"column":47}},"loc":{"start":{"line":9,"column":61},"end":{"line":20,"column":3}},"line":9},"2":{"name":"(anonymous_2)","decl":{"start":{"line":17,"column":24},"end":{"line":17,"column":25}},"loc":{"start":{"line":17,"column":33},"end":{"line":17,"column":63}},"line":17}},"branchMap":{},"s":{"0":15,"1":18,"2":1,"3":15,"4":3},"f":{"0":15,"1":18,"2":1},"b":{},"_coverageSchema":"43e27e138ebf9cfc5966b082cf9a028302ed4184","hash":"de3f303a8fa8e7eaa5aa77f14fdb03f4bd232692"}
,"/Users/charleysmithschofield/Documents/lighthouse/projects/scheduler/src/components/InterviewerListItem.js": {"path":"/Users/charleysmithschofield/Documents/lighthouse/projects/scheduler/src/components/InterviewerListItem.js","statementMap":{"0":{"start":{"line":7,"column":20},"end":{"line":9,"column":4}},"1":{"start":{"line":11,"column":2},"end":{"line":20,"column":4}}},"fnMap":{"0":{"name":"InterviewerItem","decl":{"start":{"line":6,"column":24},"end":{"line":6,"column":39}},"loc":{"start":{"line":6,"column":47},"end":{"line":21,"column":1}},"line":6}},"branchMap":{"0":{"loc":{"start":{"line":18,"column":7},"end":{"line":18,"column":35}},"type":"binary-expr","locations":[{"start":{"line":18,"column":7},"end":{"line":18,"column":21}},{"start":{"line":18,"column":25},"end":{"line":18,"column":35}}],"line":18}},"s":{"0":18,"1":18},"f":{"0":18},"b":{"0":[18,5]},"_coverageSchema":"43e27e138ebf9cfc5966b082cf9a028302ed4184","hash":"15be511e24e0c5c30c7ecc066ff24cd12e2b20f7"}
,"/Users/charleysmithschofield/Documents/lighthouse/projects/scheduler/src/components/Appointment/Confirm.js": {"path":"/Users/charleysmithschofield/Documents/lighthouse/projects/scheduler/src/components/Appointment/Confirm.js","statementMap":{"0":{"start":{"line":7,"column":2},"end":{"line":19,"column":4}}},"fnMap":{"0":{"name":"Confirm","decl":{"start":{"line":6,"column":24},"end":{"line":6,"column":31}},"loc":{"start":{"line":6,"column":39},"end":{"line":20,"column":1}},"line":6}},"branchMap":{},"s":{"0":0},"f":{"0":0},"b":{},"_coverageSchema":"43e27e138ebf9cfc5966b082cf9a028302ed4184","hash":"cc83050153a6f841b3ccfa348e4e24999201a64a"}
,"/Users/charleysmithschofield/Documents/lighthouse/projects/scheduler/src/components/Appointment/Empty.js": {"path":"/Users/charleysmithschofield/Documents/lighthouse/projects/scheduler/src/components/Appointment/Empty.js","statementMap":{"0":{"start":{"line":5,"column":2},"end":{"line":14,"column":4}}},"fnMap":{"0":{"name":"Empty","decl":{"start":{"line":4,"column":24},"end":{"line":4,"column":29}},"loc":{"start":{"line":4,"column":37},"end":{"line":15,"column":1}},"line":4}},"branchMap":{},"s":{"0":10},"f":{"0":10},"b":{},"_coverageSchema":"43e27e138ebf9cfc5966b082cf9a028302ed4184","hash":"72127afd296385a2117b04d00c772228400ca40d"}
,"/Users/charleysmithschofield/Documents/lighthouse/projects/scheduler/src/components/Appointment/Error.js": {"path":"/Users/charleysmithschofield/Documents/lighthouse/projects/scheduler/src/components/Appointment/Error.js","statementMap":{"0":{"start":{"line":5,"column":2},"end":{"line":18,"column":4}}},"fnMap":{"0":{"name":"Error","decl":{"start":{"line":4,"column":24},"end":{"line":4,"column":29}},"loc":{"start":{"line":4,"column":37},"end":{"line":19,"column":1}},"line":4}},"branchMap":{},"s":{"0":0},"f":{"0":0},"b":{},"_coverageSchema":"43e27e138ebf9cfc5966b082cf9a028302ed4184","hash":"46e1bc0f3c4f7b31144759d649896ffd9b1c8dc3"}
,"/Users/charleysmithschofield/Documents/lighthouse/projects/scheduler/src/components/Appointment/Form.js": {"path":"/Users/charleysmithschofield/Documents/lighthouse/projects/scheduler/src/components/Appointment/Form.js","statementMap":{"0":{"start":{"line":7,"column":26},"end":{"line":7,"column":52}},"1":{"start":{"line":8,"column":40},"end":{"line":8,"column":75}},"2":{"start":{"line":9,"column":28},"end":{"line":9,"column":40}},"3":{"start":{"line":12,"column":4},"end":{"line":12,"column":16}},"4":{"start":{"line":13,"column":4},"end":{"line":13,"column":17}},"5":{"start":{"line":14,"column":4},"end":{"line":14,"column":25}},"6":{"start":{"line":18,"column":4},"end":{"line":18,"column":12}},"7":{"start":{"line":19,"column":4},"end":{"line":19,"column":21}},"8":{"start":{"line":23,"column":4},"end":{"line":26,"column":5}},"9":{"start":{"line":24,"column":6},"end":{"line":24,"column":47}},"10":{"start":{"line":25,"column":6},"end":{"line":25,"column":13}},"11":{"start":{"line":28,"column":4},"end":{"line":31,"column":5}},"12":{"start":{"line":29,"column":6},"end":{"line":29,"column":47}},"13":{"start":{"line":30,"column":6},"end":{"line":30,"column":13}},"14":{"start":{"line":33,"column":4},"end":{"line":36,"column":5}},"15":{"start":{"line":34,"column":6},"end":{"line":34,"column":47}},"16":{"start":{"line":35,"column":6},"end":{"line":35,"column":13}},"17":{"start":{"line":38,"column":4},"end":{"line":38,"column":17}},"18":{"start":{"line":39,"column":4},"end":{"line":39,"column":36}},"19":{"start":{"line":42,"column":2},"end":{"line":76,"column":4}},"20":{"start":{"line":45,"column":52},"end":{"line":45,"column":74}},"21":{"start":{"line":53,"column":14},"end":{"line":53,"column":42}}},"fnMap":{"0":{"name":"Form","decl":{"start":{"line":6,"column":24},"end":{"line":6,"column":28}},"loc":{"start":{"line":6,"column":36},"end":{"line":77,"column":1}},"line":6},"1":{"name":"reset","decl":{"start":{"line":11,"column":11},"end":{"line":11,"column":16}},"loc":{"start":{"line":11,"column":19},"end":{"line":15,"column":3}},"line":11},"2":{"name":"cancel","decl":{"start":{"line":17,"column":11},"end":{"line":17,"column":17}},"loc":{"start":{"line":17,"column":20},"end":{"line":20,"column":3}},"line":17},"3":{"name":"validate","decl":{"start":{"line":22,"column":11},"end":{"line":22,"column":19}},"loc":{"start":{"line":22,"column":22},"end":{"line":40,"column":3}},"line":22},"4":{"name":"(anonymous_4)","decl":{"start":{"line":45,"column":43},"end":{"line":45,"column":44}},"loc":{"start":{"line":45,"column":52},"end":{"line":45,"column":74}},"line":45},"5":{"name":"(anonymous_5)","decl":{"start":{"line":52,"column":22},"end":{"line":52,"column":23}},"loc":{"start":{"line":52,"column":31},"end":{"line":54,"column":13}},"line":52}},"branchMap":{"0":{"loc":{"start":{"line":7,"column":35},"end":{"line":7,"column":51}},"type":"binary-expr","locations":[{"start":{"line":7,"column":35},"end":{"line":7,"column":45}},{"start":{"line":7,"column":49},"end":{"line":7,"column":51}}],"line":7},"1":{"loc":{"start":{"line":8,"column":49},"end":{"line":8,"column":74}},"type":"binary-expr","locations":[{"start":{"line":8,"column":49},"end":{"line":8,"column":66}},{"start":{"line":8,"column":70},"end":{"line":8,"column":74}}],"line":8},"2":{"loc":{"start":{"line":23,"column":4},"end":{"line":26,"column":5}},"type":"if","locations":[{"start":{"line":23,"column":4},"end":{"line":26,"column":5}},{"start":{"line":23,"column":4},"end":{"line":26,"column":5}}],"line":23},"3":{"loc":{"start":{"line":28,"column":4},"end":{"line":31,"column":5}},"type":"if","locations":[{"start":{"line":28,"column":4},"end":{"line":31,"column":5}},{"start":{"line":28,"column":4},"end":{"line":31,"column":5}}],"line":28},"4":{"loc":{"start":{"line":33,"column":4},"end":{"line":36,"column":5}},"type":"if","locations":[{"start":{"line":33,"column":4},"end":{"line":36,"column":5}},{"start":{"line":33,"column":4},"end":{"line":36,"column":5}}],"line":33}},"s":{"0":15,"1":15,"2":15,"3":1,"4":1,"5":1,"6":1,"7":1,"8":5,"9":2,"10":2,"11":3,"12":1,"13":1,"14":2,"15":0,"16":0,"17":2,"18":2,"19":15,"20":0,"21":3},"f":{"0":15,"1":1,"2":1,"3":5,"4":0,"5":3},"b":{"0":[15,10],"1":[15,11],"2":[2,3],"3":[1,2],"4":[0,2]},"_coverageSchema":"43e27e138ebf9cfc5966b082cf9a028302ed4184","hash":"94ec81cdb96e5b60e7bfa0b895b658be357e0aa4"}
,"/Users/charleysmithschofield/Documents/lighthouse/projects/scheduler/src/components/Appointment/Header.js": {"path":"/Users/charleysmithschofield/Documents/lighthouse/projects/scheduler/src/components/Appointment/Header.js","statementMap":{"0":{"start":{"line":5,"column":2},"end":{"line":10,"column":4}}},"fnMap":{"0":{"name":"Header","decl":{"start":{"line":4,"column":24},"end":{"line":4,"column":30}},"loc":{"start":{"line":4,"column":38},"end":{"line":11,"column":1}},"line":4}},"branchMap":{},"s":{"0":18},"f":{"0":18},"b":{},"_coverageSchema":"43e27e138ebf9cfc5966b082cf9a028302ed4184","hash":"1469a135dabfe09e0fa0ed20ea30bfa4022e01f0"}
,"/Users/charleysmithschofield/Documents/lighthouse/projects/scheduler/src/components/Appointment/Show.js": {"path":"/Users/charleysmithschofield/Documents/lighthouse/projects/scheduler/src/components/Appointment/Show.js","statementMap":{"0":{"start":{"line":5,"column":2},"end":{"line":33,"column":4}}},"fnMap":{"0":{"name":"Show","decl":{"start":{"line":4,"column":24},"end":{"line":4,"column":28}},"loc":{"start":{"line":4,"column":36},"end":{"line":34,"column":1}},"line":4}},"branchMap":{"0":{"loc":{"start":{"line":12,"column":13},"end":{"line":12,"column":56}},"type":"binary-expr","locations":[{"start":{"line":12,"column":13},"end":{"line":12,"column":30}},{"start":{"line":12,"column":34},"end":{"line":12,"column":56}}],"line":12}},"s":{"0":5},"f":{"0":5},"b":{"0":[5,5]},"_coverageSchema":"43e27e138ebf9cfc5966b082cf9a028302ed4184","hash":"a79435a49ead9c6f146ee45b1cee60be55437b57"}
,"/Users/charleysmithschofield/Documents/lighthouse/projects/scheduler/src/components/Appointment/Status.js": {"path":"/Users/charleysmithschofield/Documents/lighthouse/projects/scheduler/src/components/Appointment/Status.js","statementMap":{"0":{"start":{"line":5,"column":2},"end":{"line":14,"column":4}}},"fnMap":{"0":{"name":"Status","decl":{"start":{"line":4,"column":24},"end":{"line":4,"column":30}},"loc":{"start":{"line":4,"column":38},"end":{"line":15,"column":1}},"line":4}},"branchMap":{},"s":{"0":2},"f":{"0":2},"b":{},"_coverageSchema":"43e27e138ebf9cfc5966b082cf9a028302ed4184","hash":"ab98cad44b7b998963aacf6a6e5ae99284f7e393"}
,"/Users/charleysmithschofield/Documents/lighthouse/projects/scheduler/src/components/Appointment/index.js": {"path":"/Users/charleysmithschofield/Documents/lighthouse/projects/scheduler/src/components/Appointment/index.js","statementMap":{"0":{"start":{"line":17,"column":14},"end":{"line":17,"column":21}},"1":{"start":{"line":18,"column":13},"end":{"line":18,"column":19}},"2":{"start":{"line":19,"column":15},"end":{"line":19,"column":23}},"3":{"start":{"line":20,"column":13},"end":{"line":20,"column":19}},"4":{"start":{"line":21,"column":15},"end":{"line":21,"column":23}},"5":{"start":{"line":22,"column":17},"end":{"line":22,"column":27}},"6":{"start":{"line":23,"column":16},"end":{"line":23,"column":25}},"7":{"start":{"line":24,"column":19},"end":{"line":24,"column":31}},"8":{"start":{"line":25,"column":21},"end":{"line":25,"column":35}},"9":{"start":{"line":28,"column":37},"end":{"line":30,"column":3}},"10":{"start":{"line":32,"column":31},"end":{"line":34,"column":3}},"11":{"start":{"line":33,"column":4},"end":{"line":33,"column":23}},"12":{"start":{"line":36,"column":23},"end":{"line":38,"column":3}},"13":{"start":{"line":37,"column":4},"end":{"line":37,"column":11}},"14":{"start":{"line":41,"column":22},"end":{"line":44,"column":5}},"15":{"start":{"line":46,"column":4},"end":{"line":46,"column":29}},"16":{"start":{"line":48,"column":4},"end":{"line":51,"column":52}},"17":{"start":{"line":50,"column":18},"end":{"line":50,"column":34}},"18":{"start":{"line":51,"column":22},"end":{"line":51,"column":50}},"19":{"start":{"line":55,"column":4},"end":{"line":55,"column":31}},"20":{"start":{"line":56,"column":4},"end":{"line":59,"column":54}},"21":{"start":{"line":58,"column":18},"end":{"line":58,"column":35}},"22":{"start":{"line":59,"column":22},"end":{"line":59,"column":52}},"23":{"start":{"line":62,"column":24},"end":{"line":62,"column":104}},"24":{"start":{"line":64,"column":2},"end":{"line":105,"column":4}},"25":{"start":{"line":72,"column":26},"end":{"line":72,"column":45}},"26":{"start":{"line":74,"column":12},"end":{"line":74,"column":54}},"27":{"start":{"line":75,"column":12},"end":{"line":75,"column":29}}},"fnMap":{"0":{"name":"Appointment","decl":{"start":{"line":27,"column":24},"end":{"line":27,"column":35}},"loc":{"start":{"line":27,"column":43},"end":{"line":106,"column":1}},"line":27},"1":{"name":"(anonymous_1)","decl":{"start":{"line":32,"column":31},"end":{"line":32,"column":32}},"loc":{"start":{"line":32,"column":37},"end":{"line":34,"column":3}},"line":32},"2":{"name":"(anonymous_2)","decl":{"start":{"line":36,"column":23},"end":{"line":36,"column":24}},"loc":{"start":{"line":36,"column":29},"end":{"line":38,"column":3}},"line":36},"3":{"name":"save","decl":{"start":{"line":40,"column":11},"end":{"line":40,"column":15}},"loc":{"start":{"line":40,"column":35},"end":{"line":52,"column":3}},"line":40},"4":{"name":"(anonymous_4)","decl":{"start":{"line":50,"column":12},"end":{"line":50,"column":13}},"loc":{"start":{"line":50,"column":18},"end":{"line":50,"column":34}},"line":50},"5":{"name":"(anonymous_5)","decl":{"start":{"line":51,"column":13},"end":{"line":51,"column":14}},"loc":{"start":{"line":51,"column":22},"end":{"line":51,"column":50}},"line":51},"6":{"name":"destroy","decl":{"start":{"line":54,"column":11},"end":{"line":54,"column":18}},"loc":{"start":{"line":54,"column":21},"end":{"line":60,"column":3}},"line":54},"7":{"name":"(anonymous_7)","decl":{"start":{"line":58,"column":12},"end":{"line":58,"column":13}},"loc":{"start":{"line":58,"column":18},"end":{"line":58,"column":35}},"line":58},"8":{"name":"(anonymous_8)","decl":{"start":{"line":59,"column":13},"end":{"line":59,"column":14}},"loc":{"start":{"line":59,"column":22},"end":{"line":59,"column":52}},"line":59},"9":{"name":"(anonymous_9)","decl":{"start":{"line":72,"column":20},"end":{"line":72,"column":21}},"loc":{"start":{"line":72,"column":26},"end":{"line":72,"column":45}},"line":72},"10":{"name":"(anonymous_10)","decl":{"start":{"line":73,"column":18},"end":{"line":73,"column":19}},"loc":{"start":{"line":73,"column":24},"end":{"line":76,"column":11}},"line":73}},"branchMap":{"0":{"loc":{"start":{"line":29,"column":4},"end":{"line":29,"column":34}},"type":"cond-expr","locations":[{"start":{"line":29,"column":22},"end":{"line":29,"column":26}},{"start":{"line":29,"column":29},"end":{"line":29,"column":34}}],"line":29},"1":{"loc":{"start":{"line":62,"column":24},"end":{"line":62,"column":104}},"type":"binary-expr","locations":[{"start":{"line":62,"column":24},"end":{"line":62,"column":39}},{"start":{"line":62,"column":43},"end":{"line":62,"column":70}},{"start":{"line":62,"column":74},"end":{"line":62,"column":104}}],"line":62},"2":{"loc":{"start":{"line":67,"column":7},"end":{"line":67,"column":63}},"type":"binary-expr","locations":[{"start":{"line":67,"column":7},"end":{"line":67,"column":21}},{"start":{"line":67,"column":25},"end":{"line":67,"column":63}}],"line":67},"3":{"loc":{"start":{"line":68,"column":7},"end":{"line":78,"column":7}},"type":"binary-expr","locations":[{"start":{"line":68,"column":7},"end":{"line":68,"column":20}},{"start":{"line":69,"column":8},"end":{"line":77,"column":10}}],"line":68},"4":{"loc":{"start":{"line":79,"column":7},"end":{"line":81,"column":7}},"type":"binary-expr","locations":[{"start":{"line":79,"column":7},"end":{"line":79,"column":22}},{"start":{"line":80,"column":8},"end":{"line":80,"column":88}}],"line":79},"5":{"loc":{"start":{"line":82,"column":7},"end":{"line":90,"column":7}},"type":"binary-expr","locations":[{"start":{"line":82,"column":7},"end":{"line":82,"column":20}},{"start":{"line":83,"column":8},"end":{"line":89,"column":10}}],"line":82},"6":{"loc":{"start":{"line":84,"column":16},"end":{"line":84,"column":62}},"type":"cond-expr","locations":[{"start":{"line":84,"column":34},"end":{"line":84,"column":57}},{"start":{"line":84,"column":60},"end":{"line":84,"column":62}}],"line":84},"7":{"loc":{"start":{"line":92,"column":7},"end":{"line":92,"column":53}},"type":"binary-expr","locations":[{"start":{"line":92,"column":7},"end":{"line":92,"column":22}},{"start":{"line":92,"column":26},"end":{"line":92,"column":53}}],"line":92},"8":{"loc":{"start":{"line":93,"column":7},"end":{"line":93,"column":57}},"type":"binary-expr","locations":[{"start":{"line":93,"column":7},"end":{"line":93,"column":24}},{"start":{"line":93,"column":28},"end":{"line":93,"column":57}}],"line":93},"9":{"loc":{"start":{"line":95,"column":7},"end":{"line":101,"column":7}},"type":"binary-expr","locations":[{"start":{"line":95,"column":7},"end":{"line":95,"column":23}},{"start":{"line":96,"column":8},"end":{"line":100,"column":10}}],"line":95},"10":{"loc":{"start":{"line":102,"column":7},"end":{"line":102,"column":39}},"type":"binary-expr","locations":[{"start":{"line":102,"column":7},"end":{"line":102,"column":26}},{"start":{"line":102,"column":30},"end":{"line":102,"column":39}}],"line":102},"11":{"loc":{"start":{"line":103,"column":7},"end":{"line":103,"column":41}},"type":"binary-expr","locations":[{"start":{"line":103,"column":7},"end":{"line":103,"column":28}},{"start":{"line":103,"column":32},"end":{"line":103,"column":41}}],"line":103}},"s":{"0":2,"1":2,"2":2,"3":2,"4":2,"5":2,"6":2,"7":2,"8":2,"9":18,"10":18,"11":1,"12":18,"13":0,"14":1,"15":1,"16":1,"17":1,"18":0,"19":0,"20":0,"21":0,"22":0,"23":18,"24":18,"25":0,"26":0,"27":0},"f":{"0":18,"1":1,"2":0,"3":1,"4":1,"5":0,"6":0,"7":0,"8":0,"9":0,"10":0},"b":{"0":[6,12],"1":[18,6,6],"2":[18,10],"3":[18,5],"4":[18,1],"5":[18,0],"6":[0,0],"7":[18,2],"8":[18,0],"9":[18,0],"10":[18,0],"11":[18,0]},"_coverageSchema":"43e27e138ebf9cfc5966b082cf9a028302ed4184","hash":"bdf25300e4dc4f575eaaa6c7b779059547fbb86c"}
,"/Users/charleysmithschofield/Documents/lighthouse/projects/scheduler/src/helpers/selectors.js": {"path":"/Users/charleysmithschofield/Documents/lighthouse/projects/scheduler/src/helpers/selectors.js","statementMap":{"0":{"start":{"line":2,"column":16},"end":{"line":2,"column":52}},"1":{"start":{"line":2,"column":37},"end":{"line":2,"column":51}},"2":{"start":{"line":4,"column":2},"end":{"line":4,"column":64}},"3":{"start":{"line":4,"column":54},"end":{"line":4,"column":64}},"4":{"start":{"line":6,"column":2},"end":{"line":6,"column":62}},"5":{"start":{"line":6,"column":38},"end":{"line":6,"column":60}},"6":{"start":{"line":10,"column":16},"end":{"line":10,"column":52}},"7":{"start":{"line":10,"column":37},"end":{"line":10,"column":51}},"8":{"start":{"line":12,"column":2},"end":{"line":12,"column":64}},"9":{"start":{"line":12,"column":54},"end":{"line":12,"column":64}},"10":{"start":{"line":14,"column":2},"end":{"line":14,"column":62}},"11":{"start":{"line":14,"column":38},"end":{"line":14,"column":60}},"12":{"start":{"line":18,"column":2},"end":{"line":23,"column":4}}},"fnMap":{"0":{"name":"getAppointmentsForDay","decl":{"start":{"line":1,"column":16},"end":{"line":1,"column":37}},"loc":{"start":{"line":1,"column":50},"end":{"line":7,"column":1}},"line":1},"1":{"name":"(anonymous_1)","decl":{"start":{"line":2,"column":32},"end":{"line":2,"column":33}},"loc":{"start":{"line":2,"column":37},"end":{"line":2,"column":51}},"line":2},"2":{"name":"(anonymous_2)","decl":{"start":{"line":6,"column":32},"end":{"line":6,"column":33}},"loc":{"start":{"line":6,"column":38},"end":{"line":6,"column":60}},"line":6},"3":{"name":"getInterviewersForDay","decl":{"start":{"line":9,"column":16},"end":{"line":9,"column":37}},"loc":{"start":{"line":9,"column":50},"end":{"line":15,"column":1}},"line":9},"4":{"name":"(anonymous_4)","decl":{"start":{"line":10,"column":32},"end":{"line":10,"column":33}},"loc":{"start":{"line":10,"column":37},"end":{"line":10,"column":51}},"line":10},"5":{"name":"(anonymous_5)","decl":{"start":{"line":14,"column":32},"end":{"line":14,"column":33}},"loc":{"start":{"line":14,"column":38},"end":{"line":14,"column":60}},"line":14},"6":{"name":"getInterview","decl":{"start":{"line":17,"column":16},"end":{"line":17,"column":28}},"loc":{"start":{"line":17,"column":47},"end":{"line":24,"column":1}},"line":17}},"branchMap":{"0":{"loc":{"start":{"line":4,"column":2},"end":{"line":4,"column":64}},"type":"if","locations":[{"start":{"line":4,"column":2},"end":{"line":4,"column":64}},{"start":{"line":4,"column":2},"end":{"line":4,"column":64}}],"line":4},"1":{"loc":{"start":{"line":4,"column":6},"end":{"line":4,"column":52}},"type":"binary-expr","locations":[{"start":{"line":4,"column":6},"end":{"line":4,"column":29}},{"start":{"line":4,"column":33},"end":{"line":4,"column":52}}],"line":4},"2":{"loc":{"start":{"line":12,"column":2},"end":{"line":12,"column":64}},"type":"if","locations":[{"start":{"line":12,"column":2},"end":{"line":12,"column":64}},{"start":{"line":12,"column":2},"end":{"line":12,"column":64}}],"line":12},"3":{"loc":{"start":{"line":12,"column":6},"end":{"line":12,"column":52}},"type":"binary-expr","locations":[{"start":{"line":12,"column":6},"end":{"line":12,"column":29}},{"start":{"line":12,"column":33},"end":{"line":12,"column":52}}],"line":12},"4":{"loc":{"start":{"line":19,"column":4},"end":{"line":22,"column":5}},"type":"binary-expr","locations":[{"start":{"line":19,"column":4},"end":{"line":19,"column":13}},{"start":{"line":19,"column":17},"end":{"line":22,"column":5}}],"line":19}},"s":{"0":11,"1":11,"2":11,"3":4,"4":7,"5":16,"6":11,"7":11,"8":11,"9":4,"10":7,"11":14,"12":10},"f":{"0":11,"1":11,"2":16,"3":11,"4":11,"5":14,"6":10},"b":{"0":[4,7],"1":[11,8],"2":[4,7],"3":[11,8],"4":[10,6]},"_coverageSchema":"43e27e138ebf9cfc5966b082cf9a028302ed4184","hash":"d76466c3ac8668c8a384df818220ade623e0d46d"}
,"/Users/charleysmithschofield/Documents/lighthouse/projects/scheduler/src/hooks/useApplicationData.js": {"path":"/Users/charleysmithschofield/Documents/lighthouse/projects/scheduler/src/hooks/useApplicationData.js","statementMap":{"0":{"start":{"line":14,"column":28},"end":{"line":19,"column":4}},"1":{"start":{"line":21,"column":17},"end":{"line":21,"column":56}},"2":{"start":{"line":21,"column":24},"end":{"line":21,"column":56}},"3":{"start":{"line":23,"column":2},"end":{"line":37,"column":9}},"4":{"start":{"line":24,"column":4},"end":{"line":36,"column":6}},"5":{"start":{"line":30,"column":8},"end":{"line":35,"column":10}},"6":{"start":{"line":39,"column":2},"end":{"line":39,"column":30}},"7":{"start":{"line":42,"column":4},"end":{"line":48,"column":7}},"8":{"start":{"line":43,"column":6},"end":{"line":47,"column":9}},"9":{"start":{"line":52,"column":4},"end":{"line":58,"column":7}},"10":{"start":{"line":53,"column":6},"end":{"line":57,"column":9}},"11":{"start":{"line":62,"column":2},"end":{"line":67,"column":4}}},"fnMap":{"0":{"name":"useApplicationData","decl":{"start":{"line":13,"column":24},"end":{"line":13,"column":42}},"loc":{"start":{"line":13,"column":45},"end":{"line":68,"column":1}},"line":13},"1":{"name":"(anonymous_1)","decl":{"start":{"line":21,"column":17},"end":{"line":21,"column":18}},"loc":{"start":{"line":21,"column":24},"end":{"line":21,"column":56}},"line":21},"2":{"name":"(anonymous_2)","decl":{"start":{"line":23,"column":12},"end":{"line":23,"column":13}},"loc":{"start":{"line":23,"column":18},"end":{"line":37,"column":3}},"line":23},"3":{"name":"(anonymous_3)","decl":{"start":{"line":29,"column":6},"end":{"line":29,"column":7}},"loc":{"start":{"line":30,"column":8},"end":{"line":35,"column":10}},"line":30},"4":{"name":"bookInterview","decl":{"start":{"line":41,"column":11},"end":{"line":41,"column":24}},"loc":{"start":{"line":41,"column":40},"end":{"line":49,"column":3}},"line":41},"5":{"name":"(anonymous_5)","decl":{"start":{"line":42,"column":68},"end":{"line":42,"column":69}},"loc":{"start":{"line":42,"column":74},"end":{"line":48,"column":5}},"line":42},"6":{"name":"cancelInterview","decl":{"start":{"line":51,"column":11},"end":{"line":51,"column":26}},"loc":{"start":{"line":51,"column":31},"end":{"line":59,"column":3}},"line":51},"7":{"name":"(anonymous_7)","decl":{"start":{"line":52,"column":56},"end":{"line":52,"column":57}},"loc":{"start":{"line":52,"column":62},"end":{"line":58,"column":5}},"line":52}},"branchMap":{},"s":{"0":6,"1":6,"2":1,"3":6,"4":2,"5":2,"6":6,"7":1,"8":1,"9":0,"10":0,"11":6},"f":{"0":6,"1":1,"2":2,"3":2,"4":1,"5":1,"6":0,"7":0},"b":{},"_coverageSchema":"43e27e138ebf9cfc5966b082cf9a028302ed4184","hash":"5786364fc4981f0627251d5116537e2b84d36b4d"}
,"/Users/charleysmithschofield/Documents/lighthouse/projects/scheduler/src/hooks/useRealtimeUpdate.js": {"path":"/Users/charleysmithschofield/Documents/lighthouse/projects/scheduler/src/hooks/useRealtimeUpdate.js","statementMap":{"0":{"start":{"line":5,"column":2},"end":{"line":19,"column":17}},"1":{"start":{"line":6,"column":19},"end":{"line":6,"column":69}},"2":{"start":{"line":8,"column":4},"end":{"line":14,"column":6}},"3":{"start":{"line":9,"column":19},"end":{"line":9,"column":41}},"4":{"start":{"line":11,"column":6},"end":{"line":13,"column":7}},"5":{"start":{"line":12,"column":8},"end":{"line":12,"column":23}},"6":{"start":{"line":16,"column":4},"end":{"line":18,"column":6}},"7":{"start":{"line":17,"column":6},"end":{"line":17,"column":21}}},"fnMap":{"0":{"name":"useRealtimeUpdate","decl":{"start":{"line":4,"column":24},"end":{"line":4,"column":41}},"loc":{"start":{"line":4,"column":52},"end":{"line":20,"column":1}},"line":4},"1":{"name":"(anonymous_1)","decl":{"start":{"line":5,"column":12},"end":{"line":5,"column":13}},"loc":{"start":{"line":5,"column":18},"end":{"line":19,"column":3}},"line":5},"2":{"name":"(anonymous_2)","decl":{"start":{"line":8,"column":23},"end":{"line":8,"column":24}},"loc":{"start":{"line":8,"column":32},"end":{"line":14,"column":5}},"line":8},"3":{"name":"(anonymous_3)","decl":{"start":{"line":16,"column":11},"end":{"line":16,"column":12}},"loc":{"start":{"line":16,"column":17},"end":{"line":18,"column":5}},"line":16}},"branchMap":{"0":{"loc":{"start":{"line":11,"column":6},"end":{"line":13,"column":7}},"type":"if","locations":[{"start":{"line":11,"column":6},"end":{"line":13,"column":7}},{"start":{"line":11,"column":6},"end":{"line":13,"column":7}}],"line":11},"1":{"loc":{"start":{"line":11,"column":10},"end":{"line":11,"column":65}},"type":"binary-expr","locations":[{"start":{"line":11,"column":10},"end":{"line":11,"column":34}},{"start":{"line":11,"column":38},"end":{"line":11,"column":65}}],"line":11}},"s":{"0":6,"1":2,"2":2,"3":0,"4":0,"5":0,"6":2,"7":2},"f":{"0":6,"1":2,"2":0,"3":2},"b":{"0":[0,0],"1":[0,0]},"_coverageSchema":"43e27e138ebf9cfc5966b082cf9a028302ed4184","hash":"adea7dce3c40f77cd88b19f4eb87868296fe60e4"}
,"/Users/charleysmithschofield/Documents/lighthouse/projects/scheduler/src/hooks/useVisualMode.js": {"path":"/Users/charleysmithschofield/Documents/lighthouse/projects/scheduler/src/hooks/useVisualMode.js","statementMap":{"0":{"start":{"line":7,"column":32},"end":{"line":7,"column":51}},"1":{"start":{"line":13,"column":4},"end":{"line":13,"column":94}},"2":{"start":{"line":13,"column":23},"end":{"line":13,"column":92}},"3":{"start":{"line":19,"column":4},"end":{"line":22,"column":5}},"4":{"start":{"line":21,"column":6},"end":{"line":21,"column":62}},"5":{"start":{"line":21,"column":25},"end":{"line":21,"column":60}},"6":{"start":{"line":26,"column":2},"end":{"line":26,"column":65}}},"fnMap":{"0":{"name":"useVisualMode","decl":{"start":{"line":5,"column":24},"end":{"line":5,"column":37}},"loc":{"start":{"line":5,"column":47},"end":{"line":27,"column":1}},"line":5},"1":{"name":"transition","decl":{"start":{"line":10,"column":11},"end":{"line":10,"column":21}},"loc":{"start":{"line":10,"column":45},"end":{"line":14,"column":3}},"line":10},"2":{"name":"(anonymous_2)","decl":{"start":{"line":13,"column":15},"end":{"line":13,"column":16}},"loc":{"start":{"line":13,"column":23},"end":{"line":13,"column":92}},"line":13},"3":{"name":"back","decl":{"start":{"line":17,"column":11},"end":{"line":17,"column":15}},"loc":{"start":{"line":17,"column":18},"end":{"line":23,"column":3}},"line":17},"4":{"name":"(anonymous_4)","decl":{"start":{"line":21,"column":17},"end":{"line":21,"column":18}},"loc":{"start":{"line":21,"column":25},"end":{"line":21,"column":60}},"line":21}},"branchMap":{"0":{"loc":{"start":{"line":10,"column":28},"end":{"line":10,"column":43}},"type":"default-arg","locations":[{"start":{"line":10,"column":38},"end":{"line":10,"column":43}}],"line":10},"1":{"loc":{"start":{"line":13,"column":23},"end":{"line":13,"column":92}},"type":"cond-expr","locations":[{"start":{"line":13,"column":33},"end":{"line":13,"column":74}},{"start":{"line":13,"column":77},"end":{"line":13,"column":92}}],"line":13},"2":{"loc":{"start":{"line":19,"column":4},"end":{"line":22,"column":5}},"type":"if","locations":[{"start":{"line":19,"column":4},"end":{"line":22,"column":5}},{"start":{"line":19,"column":4},"end":{"line":22,"column":5}}],"line":19}},"s":{"0":27,"1":6,"2":6,"3":3,"4":2,"5":2,"6":27},"f":{"0":27,"1":6,"2":6,"3":3,"4":2},"b":{"0":[5],"1":[1,5],"2":[2,1]},"_coverageSchema":"43e27e138ebf9cfc5966b082cf9a028302ed4184","hash":"c3f940e798b2c72799c7e36b5f902cd4d36ebb4b"}
,"/Users/charleysmithschofield/Documents/lighthouse/projects/scheduler/src/reducers/application.js": {"path":"/Users/charleysmithschofield/Documents/lighthouse/projects/scheduler/src/reducers/application.js","statementMap":{"0":{"start":{"line":1,"column":23},"end":{"line":1,"column":32}},"1":{"start":{"line":2,"column":36},"end":{"line":2,"column":58}},"2":{"start":{"line":3,"column":29},"end":{"line":3,"column":44}},"3":{"start":{"line":6,"column":2},"end":{"line":53,"column":3}},"4":{"start":{"line":8,"column":6},"end":{"line":8,"column":43}},"5":{"start":{"line":10,"column":6},"end":{"line":15,"column":8}},"6":{"start":{"line":17,"column":26},"end":{"line":20,"column":7}},"7":{"start":{"line":22,"column":27},"end":{"line":25,"column":7}},"8":{"start":{"line":27,"column":29},"end":{"line":32,"column":9}},"9":{"start":{"line":28,"column":8},"end":{"line":32,"column":9}},"10":{"start":{"line":30,"column":26},"end":{"line":30,"column":72}},"11":{"start":{"line":34,"column":19},"end":{"line":41,"column":8}},"12":{"start":{"line":35,"column":8},"end":{"line":40,"column":16}},"13":{"start":{"line":43,"column":6},"end":{"line":47,"column":8}},"14":{"start":{"line":50,"column":6},"end":{"line":52,"column":8}}},"fnMap":{"0":{"name":"reducer","decl":{"start":{"line":5,"column":24},"end":{"line":5,"column":31}},"loc":{"start":{"line":5,"column":47},"end":{"line":54,"column":1}},"line":5},"1":{"name":"(anonymous_1)","decl":{"start":{"line":27,"column":29},"end":{"line":27,"column":30}},"loc":{"start":{"line":28,"column":8},"end":{"line":32,"column":9}},"line":28},"2":{"name":"(anonymous_2)","decl":{"start":{"line":30,"column":10},"end":{"line":30,"column":11}},"loc":{"start":{"line":30,"column":26},"end":{"line":30,"column":72}},"line":30},"3":{"name":"(anonymous_3)","decl":{"start":{"line":34,"column":34},"end":{"line":34,"column":35}},"loc":{"start":{"line":34,"column":41},"end":{"line":41,"column":7}},"line":34}},"branchMap":{"0":{"loc":{"start":{"line":6,"column":2},"end":{"line":53,"column":3}},"type":"switch","locations":[{"start":{"line":7,"column":4},"end":{"line":8,"column":43}},{"start":{"line":9,"column":4},"end":{"line":15,"column":8}},{"start":{"line":16,"column":4},"end":{"line":48,"column":5}},{"start":{"line":49,"column":4},"end":{"line":52,"column":8}}],"line":6},"1":{"loc":{"start":{"line":19,"column":19},"end":{"line":19,"column":62}},"type":"binary-expr","locations":[{"start":{"line":19,"column":19},"end":{"line":19,"column":35}},{"start":{"line":19,"column":39},"end":{"line":19,"column":62}}],"line":19},"2":{"loc":{"start":{"line":30,"column":26},"end":{"line":30,"column":72}},"type":"cond-expr","locations":[{"start":{"line":30,"column":55},"end":{"line":30,"column":64}},{"start":{"line":30,"column":67},"end":{"line":30,"column":72}}],"line":30},"3":{"loc":{"start":{"line":35,"column":15},"end":{"line":40,"column":15}},"type":"cond-expr","locations":[{"start":{"line":36,"column":12},"end":{"line":39,"column":13}},{"start":{"line":40,"column":12},"end":{"line":40,"column":15}}],"line":35}},"s":{"0":2,"1":2,"2":2,"3":5,"4":1,"5":2,"6":1,"7":1,"8":1,"9":1,"10":2,"11":1,"12":2,"13":1,"14":1},"f":{"0":5,"1":1,"2":2,"3":2},"b":{"0":[1,2,1,1],"1":[1,1],"2":[2,0],"3":[1,1]},"_coverageSchema":"43e27e138ebf9cfc5966b082cf9a028302ed4184","hash":"dfaaa95e3b54b8a3653d1e44ef344dfc5e44eb13"}
}
