TN:
SF:/Users/charleysmithschofield/Documents/lighthouse/projects/scheduler/src/components/Application.js
FN:16,Application
FN:27,(anonymous_1)
FNF:2
FNH:2
FNDA:17,Application
FNDA:22,(anonymous_1)
DA:22,17
DA:24,17
DA:26,17
DA:28,22
DA:41,17
LF:5
LH:5
BRF:0
BRH:0
end_of_record
TN:
SF:/Users/charleysmithschofield/Documents/lighthouse/projects/scheduler/src/components/Button.js
FN:7,Button
FNF:1
FNH:1
FNDA:51,Button
DA:8,51
DA:13,51
LF:2
LH:2
BRF:0
BRH:0
end_of_record
TN:
SF:/Users/charleysmithschofield/Documents/lighthouse/projects/scheduler/src/components/DayList.js
FN:5,DayList
FN:6,(anonymous_1)
FNF:2
FNH:2
FNDA:17,DayList
FNDA:22,(anonymous_1)
DA:6,17
DA:7,22
DA:18,17
LF:3
LH:3
BRF:0
BRH:0
end_of_record
TN:
SF:/Users/charleysmithschofield/Documents/lighthouse/projects/scheduler/src/components/DayListItem.js
FN:6,formatSpots
FN:13,DayListItem
FN:22,(anonymous_2)
FNF:3
FNH:3
FNDA:22,formatSpots
FNDA:22,DayListItem
FNDA:1,(anonymous_2)
DA:7,22
DA:8,19
DA:10,1
DA:14,22
DA:19,22
DA:22,1
LF:6
LH:6
BRDA:7,0,0,3
BRDA:7,0,1,19
BRDA:8,1,0,18
BRDA:8,1,1,1
BRF:4
BRH:4
end_of_record
TN:
SF:/Users/charleysmithschofield/Documents/lighthouse/projects/scheduler/src/components/InterviewerList.js
FN:8,InterviewerList
FN:9,(anonymous_1)
FN:17,(anonymous_2)
FNF:3
FNH:3
FNDA:23,InterviewerList
FNDA:34,(anonymous_1)
FNDA:3,(anonymous_2)
DA:9,23
DA:10,34
DA:17,3
DA:22,23
DA:30,3
LF:5
LH:5
BRF:0
BRH:0
end_of_record
TN:
SF:/Users/charleysmithschofield/Documents/lighthouse/projects/scheduler/src/components/InterviewerListItem.js
FN:6,InterviewerItem
FNF:1
FNH:1
FNDA:34,InterviewerItem
DA:7,34
DA:11,34
LF:2
LH:2
BRDA:18,0,0,34
BRDA:18,0,1,9
BRF:2
BRH:2
end_of_record
TN:
SF:/Users/charleysmithschofield/Documents/lighthouse/projects/scheduler/src/components/Appointment/Confirm.js
FN:6,Confirm
FNF:1
FNH:1
FNDA:2,Confirm
DA:7,2
LF:1
LH:1
BRF:0
BRH:0
end_of_record
TN:
SF:/Users/charleysmithschofield/Documents/lighthouse/projects/scheduler/src/components/Appointment/Empty.js
FN:4,Empty
FNF:1
FNH:1
FNDA:27,Empty
DA:5,27
LF:1
LH:1
BRF:0
BRH:0
end_of_record
TN:
SF:/Users/charleysmithschofield/Documents/lighthouse/projects/scheduler/src/components/Appointment/Error.js
FN:4,Error
FNF:1
FNH:1
FNDA:2,Error
DA:5,2
LF:1
LH:1
BRF:0
BRH:0
end_of_record
TN:
SF:/Users/charleysmithschofield/Documents/lighthouse/projects/scheduler/src/components/Appointment/Form.js
FN:6,Form
FN:11,reset
FN:17,cancel
FN:22,validate
FN:45,(anonymous_4)
FN:52,(anonymous_5)
FNF:6
FNH:5
FNDA:23,Form
FNDA:1,reset
FNDA:1,cancel
FNDA:8,validate
FNDA:0,(anonymous_4)
FNDA:6,(anonymous_5)
DA:7,23
DA:8,23
DA:9,23
DA:12,1
DA:13,1
DA:14,1
DA:18,1
DA:19,1
DA:23,8
DA:24,2
DA:25,2
DA:28,6
DA:29,1
DA:30,1
DA:33,5
DA:34,0
DA:35,0
DA:38,5
DA:39,5
DA:42,23
DA:45,0
DA:53,6
LF:22
LH:19
BRDA:7,0,0,23
BRDA:7,0,1,16
BRDA:8,1,0,23
BRDA:8,1,1,17
BRDA:23,2,0,2
BRDA:23,2,1,6
BRDA:28,3,0,1
BRDA:28,3,1,5
BRDA:33,4,0,0
BRDA:33,4,1,5
BRF:10
BRH:9
end_of_record
TN:
SF:/Users/charleysmithschofield/Documents/lighthouse/projects/scheduler/src/components/Appointment/Header.js
FN:4,Header
FNF:1
FNH:1
FNDA:58,Header
DA:5,58
LF:1
LH:1
BRF:0
BRH:0
end_of_record
TN:
SF:/Users/charleysmithschofield/Documents/lighthouse/projects/scheduler/src/components/Appointment/Show.js
FN:4,Show
FNF:1
FNH:1
FNDA:13,Show
DA:5,13
LF:1
LH:1
BRDA:12,0,0,13
BRDA:12,0,1,13
BRF:2
BRH:2
end_of_record
TN:
SF:/Users/charleysmithschofield/Documents/lighthouse/projects/scheduler/src/components/Appointment/Status.js
FN:4,Status
FNF:1
FNH:1
FNDA:10,Status
DA:5,10
LF:1
LH:1
BRF:0
BRH:0
end_of_record
TN:
SF:/Users/charleysmithschofield/Documents/lighthouse/projects/scheduler/src/components/Appointment/index.js
FN:27,Appointment
FN:32,save
FN:42,(anonymous_2)
FN:43,(anonymous_3)
FN:46,destroy
FN:50,(anonymous_5)
FN:51,(anonymous_6)
FN:60,(anonymous_7)
FN:66,(anonymous_8)
FN:67,(anonymous_9)
FNF:10
FNH:10
FNDA:58,Appointment
FNDA:4,save
FNDA:3,(anonymous_2)
FNDA:1,(anonymous_3)
FNDA:2,destroy
FNDA:1,(anonymous_5)
FNDA:1,(anonymous_6)
FNDA:3,(anonymous_7)
FNDA:2,(anonymous_8)
FNDA:1,(anonymous_9)
DA:17,2
DA:18,2
DA:19,2
DA:20,2
DA:21,2
DA:22,2
DA:23,2
DA:24,2
DA:25,2
DA:28,58
DA:33,4
DA:38,4
DA:40,4
DA:42,3
DA:43,1
DA:47,2
DA:48,2
DA:50,1
DA:51,1
DA:54,58
DA:56,58
DA:60,3
DA:66,2
DA:67,1
LF:24
LH:24
BRDA:29,0,0,23
BRDA:29,0,1,35
BRDA:54,1,0,58
BRDA:54,1,1,23
BRDA:54,1,2,23
BRDA:60,2,0,58
BRDA:60,2,1,27
BRDA:62,3,0,58
BRDA:62,3,1,13
BRDA:71,4,0,58
BRDA:71,4,1,3
BRDA:77,5,0,58
BRDA:77,5,1,1
BRDA:87,6,0,58
BRDA:87,6,1,7
BRDA:88,7,0,58
BRDA:88,7,1,3
BRDA:90,8,0,58
BRDA:90,8,1,2
BRDA:98,9,0,58
BRDA:98,9,1,1
BRDA:100,10,0,58
BRDA:100,10,1,1
BRF:23
BRH:23
end_of_record
TN:
SF:/Users/charleysmithschofield/Documents/lighthouse/projects/scheduler/src/helpers/selectors.js
FN:1,getAppointmentsForDay
FN:2,(anonymous_1)
FN:6,(anonymous_2)
FN:9,getInterviewersForDay
FN:10,(anonymous_4)
FN:14,(anonymous_5)
FN:17,getInterview
FNF:7
FNH:7
FNDA:22,getAppointmentsForDay
FNDA:18,(anonymous_1)
FNDA:30,(anonymous_2)
FNDA:22,getInterviewersForDay
FNDA:18,(anonymous_4)
FNDA:28,(anonymous_5)
FNDA:24,getInterview
DA:2,22
DA:4,22
DA:6,30
DA:10,22
DA:12,22
DA:14,28
DA:18,24
LF:7
LH:7
BRDA:4,0,0,8
BRDA:4,0,1,14
BRDA:4,1,0,22
BRDA:4,1,1,15
BRDA:12,2,0,8
BRDA:12,2,1,14
BRDA:12,3,0,22
BRDA:12,3,1,15
BRDA:19,4,0,24
BRDA:19,4,1,14
BRF:10
BRH:10
end_of_record
TN:
SF:/Users/charleysmithschofield/Documents/lighthouse/projects/scheduler/src/hooks/useApplicationData.js
FN:13,useApplicationData
FN:21,(anonymous_1)
FN:23,(anonymous_2)
FN:29,(anonymous_3)
FN:41,bookInterview
FN:42,(anonymous_5)
FN:51,cancelInterview
FN:52,(anonymous_7)
FNF:8
FNH:8
FNDA:17,useApplicationData
FNDA:1,(anonymous_1)
FNDA:6,(anonymous_2)
FNDA:6,(anonymous_3)
FNDA:4,bookInterview
FNDA:3,(anonymous_5)
FNDA:2,cancelInterview
FNDA:1,(anonymous_7)
DA:14,17
DA:21,17
DA:23,17
DA:24,6
DA:30,6
DA:39,17
DA:42,4
DA:43,3
DA:52,2
DA:53,1
DA:62,17
LF:11
LH:11
BRF:0
BRH:0
end_of_record
TN:
SF:/Users/charleysmithschofield/Documents/lighthouse/projects/scheduler/src/hooks/useRealtimeUpdate.js
FN:4,useRealtimeUpdate
FN:5,(anonymous_1)
FN:8,(anonymous_2)
FN:16,(anonymous_3)
FNF:4
FNH:3
FNDA:17,useRealtimeUpdate
FNDA:6,(anonymous_1)
FNDA:0,(anonymous_2)
FNDA:6,(anonymous_3)
DA:5,17
DA:6,6
DA:8,6
DA:9,0
DA:11,0
DA:12,0
DA:16,6
DA:17,6
LF:8
LH:5
BRDA:11,0,0,0
BRDA:11,0,1,0
BRDA:11,1,0,0
BRDA:11,1,1,0
BRF:4
BRH:0
end_of_record
TN:
SF:/Users/charleysmithschofield/Documents/lighthouse/projects/scheduler/src/hooks/useVisualMode.js
FN:5,useVisualMode
FN:10,transition
FN:13,(anonymous_2)
FN:17,back
FN:21,(anonymous_4)
FNF:5
FNH:5
FNDA:67,useVisualMode
FNDA:21,transition
FNDA:21,(anonymous_2)
FNDA:3,back
FNDA:2,(anonymous_4)
DA:7,67
DA:13,21
DA:19,3
DA:21,2
DA:26,67
LF:5
LH:5
BRDA:10,0,0,13
BRDA:13,1,0,8
BRDA:13,1,1,13
BRDA:19,2,0,2
BRDA:19,2,1,1
BRF:5
BRH:5
end_of_record
TN:
SF:/Users/charleysmithschofield/Documents/lighthouse/projects/scheduler/src/reducers/application.js
FN:5,reducer
FN:27,(anonymous_1)
FN:30,(anonymous_2)
FN:34,(anonymous_3)
FNF:4
FNH:4
FNDA:12,reducer
FNDA:4,(anonymous_1)
FNDA:8,(anonymous_2)
FNDA:8,(anonymous_3)
DA:1,2
DA:2,2
DA:3,2
DA:6,12
DA:8,1
DA:10,6
DA:17,4
DA:22,4
DA:27,4
DA:28,4
DA:30,8
DA:34,4
DA:35,8
DA:43,4
DA:50,1
LF:15
LH:15
BRDA:6,0,0,1
BRDA:6,0,1,6
BRDA:6,0,2,4
BRDA:6,0,3,1
BRDA:19,1,0,4
BRDA:19,1,1,3
BRDA:30,2,0,6
BRDA:30,2,1,2
BRDA:35,3,0,4
BRDA:35,3,1,4
BRF:10
BRH:10
end_of_record
